<?xml version="1.0" encoding="UTF-8"?>
<!-- Generated by org.testng.reporters.JUnitReportReporter -->
<testsuite hostname="Mohammads-MacBook-Pro-4.local" name="TestHomePage" tests="8" failures="0" timestamp="26 Mar 2019 05:24:56 GMT" time="198.655" errors="0">
  <testcase name="testHomepageTitle" time="5.181" classname="TestHomePage"/>
  <testcase name="clickLocationsTab" time="32.312" classname="TestHomePage"/>
  <testcase name="testCustomerService" time="21.129" classname="TestHomePage"/>
  <testcase name="clickCategoriesTest" time="57.767" classname="TestHomePage"/>
  <testcase name="testDropDown" time="15.825" classname="TestHomePage"/>
  <testcase name="search" time="28.241" classname="TestHomePage"/>
  <testcase name="searchInGrocery" time="19.346" classname="TestHomePage"/>
  <testcase name="searchMacbook" time="18.854" classname="TestHomePage"/>
</testsuite> <!-- TestHomePage -->
